  11-30.c
D:\专业课\c++\Debug\11-30\11-30.c(93,24): warning C4133: “函数”: 从“int [5]”到“const char *”的类型不兼容
D:\专业课\c++\Debug\11-30\11-30.c(93,9): warning C4477: “printf”: 格式字符串“%d”需要类型“int”的参数，但可变参数 1 拥有了类型“size_t”
  D:\专业课\c++\Debug\11-30\11-30.c(93,9):
  请考虑在格式字符串中使用“%zd”
  
D:\专业课\c++\Debug\11-30\11-30.c(94,25): warning C4133: “函数”: 从“int *”到“const char *”的类型不兼容
D:\专业课\c++\Debug\11-30\11-30.c(94,9): warning C4477: “printf”: 格式字符串“%d”需要类型“int”的参数，但可变参数 1 拥有了类型“size_t”
  D:\专业课\c++\Debug\11-30\11-30.c(94,9):
  请考虑在格式字符串中使用“%zd”
  
D:\专业课\c++\Debug\11-30\11-30.c(95,24): warning C4047: “函数”:“const char *”与“int”的间接级别不同
D:\专业课\c++\Debug\11-30\11-30.c(95,24): warning C4024: “strlen”: 形参和实参 1 的类型不同
D:\专业课\c++\Debug\11-30\11-30.c(95,9): warning C4477: “printf”: 格式字符串“%d”需要类型“int”的参数，但可变参数 1 拥有了类型“size_t”
  D:\专业课\c++\Debug\11-30\11-30.c(95,9):
  请考虑在格式字符串中使用“%zd”
  
D:\专业课\c++\Debug\11-30\11-30.c(96,25): warning C4133: “函数”: 从“int *”到“const char *”的类型不兼容
D:\专业课\c++\Debug\11-30\11-30.c(96,9): warning C4477: “printf”: 格式字符串“%d”需要类型“int”的参数，但可变参数 1 拥有了类型“size_t”
  D:\专业课\c++\Debug\11-30\11-30.c(96,9):
  请考虑在格式字符串中使用“%zd”
  
D:\专业课\c++\Debug\11-30\11-30.c(97,25): warning C4047: “函数”:“const char *”与“int”的间接级别不同
D:\专业课\c++\Debug\11-30\11-30.c(97,25): warning C4024: “strlen”: 形参和实参 1 的类型不同
D:\专业课\c++\Debug\11-30\11-30.c(97,9): warning C4477: “printf”: 格式字符串“%d”需要类型“int”的参数，但可变参数 1 拥有了类型“size_t”
  D:\专业课\c++\Debug\11-30\11-30.c(97,9):
  请考虑在格式字符串中使用“%zd”
  
D:\专业课\c++\Debug\11-30\11-30.c(98,24): warning C4047: “函数”:“const char *”与“int (*)[5]”的间接级别不同
D:\专业课\c++\Debug\11-30\11-30.c(98,24): warning C4024: “strlen”: 形参和实参 1 的类型不同
D:\专业课\c++\Debug\11-30\11-30.c(98,9): warning C4477: “printf”: 格式字符串“%d”需要类型“int”的参数，但可变参数 1 拥有了类型“size_t”
  D:\专业课\c++\Debug\11-30\11-30.c(98,9):
  请考虑在格式字符串中使用“%zd”
  
D:\专业课\c++\Debug\11-30\11-30.c(99,25): warning C4133: “函数”: 从“int [5]”到“const char *”的类型不兼容
D:\专业课\c++\Debug\11-30\11-30.c(99,9): warning C4477: “printf”: 格式字符串“%d”需要类型“int”的参数，但可变参数 1 拥有了类型“size_t”
  D:\专业课\c++\Debug\11-30\11-30.c(99,9):
  请考虑在格式字符串中使用“%zd”
  
D:\专业课\c++\Debug\11-30\11-30.c(100,26): warning C4047: “函数”:“const char *”与“int (*)[5]”的间接级别不同
D:\专业课\c++\Debug\11-30\11-30.c(100,26): warning C4024: “strlen”: 形参和实参 1 的类型不同
D:\专业课\c++\Debug\11-30\11-30.c(100,9): warning C4477: “printf”: 格式字符串“%d”需要类型“int”的参数，但可变参数 1 拥有了类型“size_t”
  D:\专业课\c++\Debug\11-30\11-30.c(100,9):
  请考虑在格式字符串中使用“%zd”
  
D:\专业课\c++\Debug\11-30\11-30.c(101,24): warning C4133: “函数”: 从“int *”到“const char *”的类型不兼容
D:\专业课\c++\Debug\11-30\11-30.c(101,9): warning C4477: “printf”: 格式字符串“%d”需要类型“int”的参数，但可变参数 1 拥有了类型“size_t”
  D:\专业课\c++\Debug\11-30\11-30.c(101,9):
  请考虑在格式字符串中使用“%zd”
  
D:\专业课\c++\Debug\11-30\11-30.c(102,29): warning C4133: “函数”: 从“int *”到“const char *”的类型不兼容
D:\专业课\c++\Debug\11-30\11-30.c(102,9): warning C4477: “printf”: 格式字符串“%d”需要类型“int”的参数，但可变参数 1 拥有了类型“size_t”
  D:\专业课\c++\Debug\11-30\11-30.c(102,9):
  请考虑在格式字符串中使用“%zd”
  
  11-30.vcxproj -> D:\专业课\c++\Debug\11-30\x64\Debug\11-30.exe
